
**** Clean-only build of configuration Debug for project blinky ****

"C:\\ti\\ccs901\\ccs\\utils\\bin\\gmake" -k clean 
 
gmake: *** No rule to make target 'clean'.

**** Build Finished ****

**** Build of configuration Debug for project blinky ****

"C:\\ti\\ccs901\\ccs\\utils\\bin\\gmake" -k all 
 
Building file: "../blinky.c"
Invoking: ARM Compiler
"C:/ti/ccs901/ccs/tools/compiler/ti-cgt-arm_18.12.1.LTS/bin/armcl" -mv7M4 --code_state=16 --float_support=FPv4SPD16 --abi=eabi -me -O2 --include_path="C:/ti/ccs901/ccs/tools/compiler/ti-cgt-arm_18.12.1.LTS/include" --include_path="C:/ti/tivaware_c_series_2_1_4_178" --advice:power=all -g --gcc --define=ccs="ccs" --define=PART_TM4C1294NCPDT --define=TARGET_IS_TM4C129_RA1 --diag_warning=225 --diag_wrap=off --display_error_number --gen_func_subsections=on --ual --preproc_with_compile --preproc_dependency="blinky.d_raw"  "../blinky.c"
"../blinky.c", line 73: remark #1527-D: (ULP 2.1) Detected SW delay loop using empty loop. Recommend using a timer module instead
"../blinky.c", line 96: remark #1527-D: (ULP 2.1) Detected SW delay loop using empty loop. Recommend using a timer module instead
"../blinky.c", line 108: remark #1527-D: (ULP 2.1) Detected SW delay loop using empty loop. Recommend using a timer module instead
Finished building: "../blinky.c"
 
Building file: "../startup_ccs.c"
Invoking: ARM Compiler
"C:/ti/ccs901/ccs/tools/compiler/ti-cgt-arm_18.12.1.LTS/bin/armcl" -mv7M4 --code_state=16 --float_support=FPv4SPD16 --abi=eabi -me -O2 --include_path="C:/ti/ccs901/ccs/tools/compiler/ti-cgt-arm_18.12.1.LTS/include" --include_path="C:/ti/tivaware_c_series_2_1_4_178" --advice:power=all -g --gcc --define=ccs="ccs" --define=PART_TM4C1294NCPDT --define=TARGET_IS_TM4C129_RA1 --diag_warning=225 --diag_wrap=off --display_error_number --gen_func_subsections=on --ual --preproc_with_compile --preproc_dependency="startup_ccs.d_raw"  "../startup_ccs.c"
"../startup_ccs.c", line 229: remark #1527-D: (ULP 2.1) Detected SW delay loop using empty loop. Recommend using a timer module instead
"../startup_ccs.c", line 247: remark #1527-D: (ULP 2.1) Detected SW delay loop using empty loop. Recommend using a timer module instead
"../startup_ccs.c", line 265: remark #1527-D: (ULP 2.1) Detected SW delay loop using empty loop. Recommend using a timer module instead
Finished building: "../startup_ccs.c"
 
Building target: "blinky.out"
Invoking: ARM Linker
"C:/ti/ccs901/ccs/tools/compiler/ti-cgt-arm_18.12.1.LTS/bin/armcl" -mv7M4 --code_state=16 --float_support=FPv4SPD16 --abi=eabi -me -O2 --advice:power=all -g --gcc --define=ccs="ccs" --define=PART_TM4C1294NCPDT --define=TARGET_IS_TM4C129_RA1 --diag_warning=225 --diag_wrap=off --display_error_number --gen_func_subsections=on --ual -z -m"blinky_ccs.map" --stack_size=512 --heap_size=0 -i"C:/ti/ccs901/ccs/tools/compiler/ti-cgt-arm_18.12.1.LTS/lib" -i"C:/ti/ccs901/ccs/tools/compiler/ti-cgt-arm_18.12.1.LTS/include" --reread_libs --diag_wrap=off --display_error_number --warn_sections --xml_link_info="blinky_linkInfo.xml" --rom_model -o "blinky.out" "./blinky.obj" "./startup_ccs.obj" "../blinky_ccs.cmd"  -llibc.a -l"C:/ti/tivaware_c_series_2_1_4_178/driverlib/ccs/Debug/driverlib.lib" 
<Linking>
remark #10371-D: (ULP 1.1) Detected no uses of low power mode state changing instructions
Finished building target: "blinky.out"
 
"C:/ti/ccs901/ccs/utils/tiobj2bin/tiobj2bin" "blinky.out" "blinky.bin" "C:/ti/ccs901/ccs/tools/compiler/ti-cgt-arm_18.12.1.LTS/bin/armofd" "C:/ti/ccs901/ccs/tools/compiler/ti-cgt-arm_18.12.1.LTS/bin/armhex" "C:/ti/ccs901/ccs/utils/tiobj2bin/mkhex4bin"
 

**** Build Finished ****

**** Build of configuration Debug for project blinky ****

"C:\\ti\\ccs901\\ccs\\utils\\bin\\gmake" -k all 
 
gmake: Nothing to be done for 'all'.

**** Build Finished ****

**** Clean-only build of configuration Debug for project i2ctmp006_DK_TM4C129X_TImine ****

"C:\\ti\\ccs901\\ccs\\utils\\bin\\gmake" -k -j 4 clean -O 
 
cleaning ../src/sysbios ...
../src/makefile.libs:60: recipe for target '.sysbios_clean' failed
process_begin: CreateProcess(NULL, C:/ti/xdctools_3_32_02_25_core/packages/../bin/rm -f ..\makefile.libs, ...) failed.
gmake[1]: *** [clean] Error 2
DEL /F  "i2ctmp006_DK_TM4C129X_TImine.hex"  "configPkg\linker.cmd" "configPkg\compiler.opt"  "i2ctmp006_DK_TM4C129X_TImine.out" 
DEL /F "DK_TM4C129X.obj" "current.obj" "i2ctmp006.obj" "interface_button.obj" "motor.obj" "motordriver_sensorboard.obj" "temperature.obj" "user_interface.obj" "drivers\buttons.obj" "drivers\frame.obj" "drivers\kentec320x240x16_ssd2119.obj" "drivers\mx66l51235f.obj" "drivers\pinout.obj" "drivers\sound.obj" "drivers\touch.obj" "drivers\usb_sound.obj" 
DEL /F "DK_TM4C129X.d" "current.d" "i2ctmp006.d" "interface_button.d" "motor.d" "motordriver_sensorboard.d" "temperature.d" "user_interface.d" "drivers\buttons.d" "drivers\frame.d" "drivers\kentec320x240x16_ssd2119.d" "drivers\mx66l51235f.d" "drivers\pinout.d" "drivers\sound.d" "drivers\touch.d" "drivers\usb_sound.d" 
RMDIR /S/Q  "configPkg\" 
gmake: [.sysbios_clean] Error 2 (ignored)
Could Not Find C:\Users\Brodie\Downloads\egh456-master\egh456-master\Debug\i2ctmp006_DK_TM4C129X_TImine.hex
Finished clean
 

**** Build Finished ****
Buildfile generation error occurred..
Product 'com.ti.rtsc.TIRTOStivac' v2.16.0.08 is not currently installed and no compatible version is available. Please install this product or a compatible version.
Build stopped..

**** Build of configuration Debug for project hello_EK_TM4C1294XL_TI ****

"C:\\ti\\ccs901\\ccs\\utils\\bin\\gmake" -k -j 4 all -O 
 
Building file: "../hello.cfg"
Invoking: XDCtools
"C:/ti/ccs901/xdctools_3_55_00_11_core/xs" --xdcpath="C:/ti/tirtos_tivac_2_16_00_08/packages;C:/ti/tirtos_tivac_2_16_00_08/products/tidrivers_tivac_2_16_00_08/packages;C:/ti/tirtos_tivac_2_16_00_08/products/bios_6_45_01_29/packages;C:/ti/tirtos_tivac_2_16_00_08/products/ndk_2_25_00_09/packages;C:/ti/tirtos_tivac_2_16_00_08/products/uia_2_00_05_50/packages;C:/ti/tirtos_tivac_2_16_00_08/products/ns_1_11_00_10/packages;" xdc.tools.configuro -o configPkg -t ti.targets.arm.elf.M4F -p ti.platforms.tiva:TM4C1294NCPDT -r release -c "C:/ti/ccs901/ccs/tools/compiler/ti-cgt-arm_18.12.1.LTS" --compileOptions "-mv7M4 --code_state=16 --float_support=FPv4SPD16 -me --include_path=\"D:/ccs_workspace/hello_EK_TM4C1294XL_TI\" --include_path=\"D:/ccs_workspace/hello_EK_TM4C1294XL_TI\" --include_path=\"C:/ti/tirtos_tivac_2_16_00_08/products/TivaWare_C_Series-2.1.1.71b\" --include_path=\"C:/ti/tirtos_tivac_2_16_00_08/products/bios_6_45_01_29/packages/ti/sysbios/posix\" --include_path=\"C:/ti/ccs901/ccs/tools/compiler/ti-cgt-arm_18.12.1.LTS/include\" --define=ccs=\"ccs\" --define=PART_TM4C1294NCPDT --define=ccs --define=TIVAWARE -g --gcc --diag_warning=225 --diag_warning=255 --diag_wrap=off --display_error_number --gen_func_subsections=on --abi=eabi  " "../hello.cfg"
making package.mak (because of package.bld) ...
generating interfaces for package configPkg (because package/package.xdc.inc is older than package.xdc) ...
configuring hello.xem4f from package/cfg/hello_pem4f.cfg ...
subdir_rules.mk:19: recipe for target 'build-267246609-inproc' failed
error: xdc.cfg.Program: "C:/ti/ccs901/xdctools_3_55_00_11_core/packages/xdc/cfg/Program.xs", line 71: xdc.cfg.Program : The package 'ti.sysbios.knl' is not compatible with XDCtools used in this build. Please either use XDCtools compatible with that package, or update the product containing that package, or rebuild the package with XDCtools 3.50 or later.
js: "C:/ti/ccs901/xdctools_3_55_00_11_core/packages/xdc/cfg/Main.xs", line 160: Error: Configuration failed!
gmake.exe: *** [package.mak:202: package/cfg/hello_pem4f.xdl] Error 1
js: "C:/ti/ccs901/xdctools_3_55_00_11_core/packages/xdc/tools/Cmdr.xs", line 52: Error: xdc.tools.configuro: configuration failed due to earlier errors (status = 2); 'linker.cmd' deleted.
gmake[1]: *** [build-267246609-inproc] Error 1
gmake: *** No rule to make target 'build-267246609', needed by 'configPkg/compiler.opt'.
gmake: *** No rule to make target 'build-267246609', needed by 'configPkg/linker.cmd'.
gmake: *** No rule to make target 'build-267246609', needed by 'configPkg/compiler.opt'.
gmake: *** No rule to make target 'build-267246609', needed by 'configPkg/compiler.opt'.
gmake: Target 'all' not remade because of errors.

**** Build Finished ****

**** Clean-only build of configuration Debug for project hibernate ****

"C:\\ti\\ccs901\\ccs\\utils\\bin\\gmake" -k clean 
 
gmake: *** No rule to make target 'clean'.

**** Build Finished ****

**** Build of configuration Debug for project hibernate ****

"C:\\ti\\ccs901\\ccs\\utils\\bin\\gmake" -k all 
 
Building file: "../hibernate.c"
Invoking: ARM Compiler
"C:/ti/ccs901/ccs/tools/compiler/ti-cgt-arm_18.12.1.LTS/bin/armcl" -mv7M4 --code_state=16 --float_support=FPv4SPD16 --abi=eabi -me -O2 --include_path="C:/ti/ccs901/ccs/tools/compiler/ti-cgt-arm_18.12.1.LTS/include" --include_path="D:/ccs_workspace/hibernate" --include_path="C:/ti/tivaware_c_series_2_1_4_178/examples/boards/ek-tm4c1294xl" --include_path="C:/ti/tivaware_c_series_2_1_4_178" --advice:power=all -g --gcc --define=ccs="ccs" --define=PART_TM4C1294NCPDT --define=TARGET_IS_TM4C129_RA0 --define=SNOWFLAKE --define=UART_BUFFERED --diag_warning=225 --diag_wrap=off --display_error_number --gen_func_subsections=on --ual --preproc_with_compile --preproc_dependency="hibernate.d_raw"  "../hibernate.c"
 
>> Compilation failure
subdir_rules.mk:9: recipe for target 'hibernate.obj' failed
"../hibernate.c", line 559: remark #1527-D: (ULP 2.1) Detected SW delay loop using empty loop. Recommend using a timer module instead
"../hibernate.c", line 583: error #20: identifier "USR_SW1" is undefined
1 error detected in the compilation of "../hibernate.c".
gmake: *** [hibernate.obj] Error 1
Building file: "../hibernate_commands.c"
Invoking: ARM Compiler
"C:/ti/ccs901/ccs/tools/compiler/ti-cgt-arm_18.12.1.LTS/bin/armcl" -mv7M4 --code_state=16 --float_support=FPv4SPD16 --abi=eabi -me -O2 --include_path="C:/ti/ccs901/ccs/tools/compiler/ti-cgt-arm_18.12.1.LTS/include" --include_path="D:/ccs_workspace/hibernate" --include_path="C:/ti/tivaware_c_series_2_1_4_178/examples/boards/ek-tm4c1294xl" --include_path="C:/ti/tivaware_c_series_2_1_4_178" --advice:power=all -g --gcc --define=ccs="ccs" --define=PART_TM4C1294NCPDT --define=TARGET_IS_TM4C129_RA0 --define=SNOWFLAKE --define=UART_BUFFERED --diag_warning=225 --diag_wrap=off --display_error_number --gen_func_subsections=on --ual --preproc_with_compile --preproc_dependency="hibernate_commands.d_raw"  "../hibernate_commands.c"
Finished building: "../hibernate_commands.c"
 
Building file: "../startup_ccs.c"
Invoking: ARM Compiler
"C:/ti/ccs901/ccs/tools/compiler/ti-cgt-arm_18.12.1.LTS/bin/armcl" -mv7M4 --code_state=16 --float_support=FPv4SPD16 --abi=eabi -me -O2 --include_path="C:/ti/ccs901/ccs/tools/compiler/ti-cgt-arm_18.12.1.LTS/include" --include_path="D:/ccs_workspace/hibernate" --include_path="C:/ti/tivaware_c_series_2_1_4_178/examples/boards/ek-tm4c1294xl" --include_path="C:/ti/tivaware_c_series_2_1_4_178" --advice:power=all -g --gcc --define=ccs="ccs" --define=PART_TM4C1294NCPDT --define=TARGET_IS_TM4C129_RA0 --define=SNOWFLAKE --define=UART_BUFFERED --diag_warning=225 --diag_wrap=off --display_error_number --gen_func_subsections=on --ual --preproc_with_compile --preproc_dependency="startup_ccs.d_raw"  "../startup_ccs.c"
"../startup_ccs.c", line 237: remark #1527-D: (ULP 2.1) Detected SW delay loop using empty loop. Recommend using a timer module instead
"../startup_ccs.c", line 255: remark #1527-D: (ULP 2.1) Detected SW delay loop using empty loop. Recommend using a timer module instead
"../startup_ccs.c", line 273: remark #1527-D: (ULP 2.1) Detected SW delay loop using empty loop. Recommend using a timer module instead
Finished building: "../startup_ccs.c"
 
Building file: "C:/ti/tivaware_c_series_2_1_4_178/examples/boards/ek-tm4c1294xl/drivers/buttons.c"
Invoking: ARM Compiler
"C:/ti/ccs901/ccs/tools/compiler/ti-cgt-arm_18.12.1.LTS/bin/armcl" -mv7M4 --code_state=16 --float_support=FPv4SPD16 --abi=eabi -me -O2 --include_path="C:/ti/ccs901/ccs/tools/compiler/ti-cgt-arm_18.12.1.LTS/include" --include_path="D:/ccs_workspace/hibernate" --include_path="C:/ti/tivaware_c_series_2_1_4_178/examples/boards/ek-tm4c1294xl" --include_path="C:/ti/tivaware_c_series_2_1_4_178" --advice:power=all -g --gcc --define=ccs="ccs" --define=PART_TM4C1294NCPDT --define=TARGET_IS_TM4C129_RA0 --define=SNOWFLAKE --define=UART_BUFFERED --diag_warning=225 --diag_wrap=off --display_error_number --gen_func_subsections=on --ual --preproc_with_compile --preproc_dependency="drivers/buttons.d_raw" --obj_directory="drivers"  "C:/ti/tivaware_c_series_2_1_4_178/examples/boards/ek-tm4c1294xl/drivers/buttons.c"
Finished building: "C:/ti/tivaware_c_series_2_1_4_178/examples/boards/ek-tm4c1294xl/drivers/buttons.c"
 
Building file: "C:/ti/tivaware_c_series_2_1_4_178/examples/boards/ek-tm4c1294xl/drivers/pinout.c"
Invoking: ARM Compiler
"C:/ti/ccs901/ccs/tools/compiler/ti-cgt-arm_18.12.1.LTS/bin/armcl" -mv7M4 --code_state=16 --float_support=FPv4SPD16 --abi=eabi -me -O2 --include_path="C:/ti/ccs901/ccs/tools/compiler/ti-cgt-arm_18.12.1.LTS/include" --include_path="D:/ccs_workspace/hibernate" --include_path="C:/ti/tivaware_c_series_2_1_4_178/examples/boards/ek-tm4c1294xl" --include_path="C:/ti/tivaware_c_series_2_1_4_178" --advice:power=all -g --gcc --define=ccs="ccs" --define=PART_TM4C1294NCPDT --define=TARGET_IS_TM4C129_RA0 --define=SNOWFLAKE --define=UART_BUFFERED --diag_warning=225 --diag_wrap=off --display_error_number --gen_func_subsections=on --ual --preproc_with_compile --preproc_dependency="drivers/pinout.d_raw" --obj_directory="drivers"  "C:/ti/tivaware_c_series_2_1_4_178/examples/boards/ek-tm4c1294xl/drivers/pinout.c"
Finished building: "C:/ti/tivaware_c_series_2_1_4_178/examples/boards/ek-tm4c1294xl/drivers/pinout.c"
 
Building file: "C:/ti/tivaware_c_series_2_1_4_178/utils/cmdline.c"
Invoking: ARM Compiler
"C:/ti/ccs901/ccs/tools/compiler/ti-cgt-arm_18.12.1.LTS/bin/armcl" -mv7M4 --code_state=16 --float_support=FPv4SPD16 --abi=eabi -me -O2 --include_path="C:/ti/ccs901/ccs/tools/compiler/ti-cgt-arm_18.12.1.LTS/include" --include_path="D:/ccs_workspace/hibernate" --include_path="C:/ti/tivaware_c_series_2_1_4_178/examples/boards/ek-tm4c1294xl" --include_path="C:/ti/tivaware_c_series_2_1_4_178" --advice:power=all -g --gcc --define=ccs="ccs" --define=PART_TM4C1294NCPDT --define=TARGET_IS_TM4C129_RA0 --define=SNOWFLAKE --define=UART_BUFFERED --diag_warning=225 --diag_wrap=off --display_error_number --gen_func_subsections=on --ual --preproc_with_compile --preproc_dependency="utils/cmdline.d_raw" --obj_directory="utils"  "C:/ti/tivaware_c_series_2_1_4_178/utils/cmdline.c"
Finished building: "C:/ti/tivaware_c_series_2_1_4_178/utils/cmdline.c"
 
Building file: "C:/ti/tivaware_c_series_2_1_4_178/utils/uartstdio.c"
Invoking: ARM Compiler
"C:/ti/ccs901/ccs/tools/compiler/ti-cgt-arm_18.12.1.LTS/bin/armcl" -mv7M4 --code_state=16 --float_support=FPv4SPD16 --abi=eabi -me -O2 --include_path="C:/ti/ccs901/ccs/tools/compiler/ti-cgt-arm_18.12.1.LTS/include" --include_path="D:/ccs_workspace/hibernate" --include_path="C:/ti/tivaware_c_series_2_1_4_178/examples/boards/ek-tm4c1294xl" --include_path="C:/ti/tivaware_c_series_2_1_4_178" --advice:power=all -g --gcc --define=ccs="ccs" --define=PART_TM4C1294NCPDT --define=TARGET_IS_TM4C129_RA0 --define=SNOWFLAKE --define=UART_BUFFERED --diag_warning=225 --diag_wrap=off --display_error_number --gen_func_subsections=on --ual --preproc_with_compile --preproc_dependency="utils/uartstdio.d_raw" --obj_directory="utils"  "C:/ti/tivaware_c_series_2_1_4_178/utils/uartstdio.c"
"C:/ti/tivaware_c_series_2_1_4_178/utils/uartstdio.c", line 794: remark #1527-D: (ULP 2.1) Detected SW delay loop using empty loop. Recommend using a timer module instead
"C:/ti/tivaware_c_series_2_1_4_178/utils/uartstdio.c", line 878: remark #1527-D: (ULP 2.1) Detected SW delay loop using empty loop. Recommend using a timer module instead
"C:/ti/tivaware_c_series_2_1_4_178/utils/uartstdio.c", line 1044: remark #1527-D: (ULP 2.1) Detected SW delay loop using empty loop. Recommend using a timer module instead
"C:/ti/tivaware_c_series_2_1_4_178/utils/uartstdio.c", line 1139: remark #1527-D: (ULP 2.1) Detected SW delay loop using empty loop. Recommend using a timer module instead
"C:/ti/tivaware_c_series_2_1_4_178/utils/uartstdio.c", line 1501: remark #1527-D: (ULP 2.1) Detected SW delay loop using empty loop. Recommend using a timer module instead
"C:/ti/tivaware_c_series_2_1_4_178/utils/uartstdio.c", line 1700: remark #2623-D: (ULP 5.4) Detected an assignment to a type with size less than int. To avoid unnecessary sign extension, use int-sized types for local varaibles and convert to smaller types for static storage.
"C:/ti/tivaware_c_series_2_1_4_178/utils/uartstdio.c", line 134: remark #1534-D: (ULP 7.1) Detected use of global variable "g_pcHex" within one function "UARTvprintf". Recommend placing variable in the function locally
Finished building: "C:/ti/tivaware_c_series_2_1_4_178/utils/uartstdio.c"
 
Building file: "C:/ti/tivaware_c_series_2_1_4_178/utils/ustdlib.c"
Invoking: ARM Compiler
"C:/ti/ccs901/ccs/tools/compiler/ti-cgt-arm_18.12.1.LTS/bin/armcl" -mv7M4 --code_state=16 --float_support=FPv4SPD16 --abi=eabi -me -O2 --include_path="C:/ti/ccs901/ccs/tools/compiler/ti-cgt-arm_18.12.1.LTS/include" --include_path="D:/ccs_workspace/hibernate" --include_path="C:/ti/tivaware_c_series_2_1_4_178/examples/boards/ek-tm4c1294xl" --include_path="C:/ti/tivaware_c_series_2_1_4_178" --advice:power=all -g --gcc --define=ccs="ccs" --define=PART_TM4C1294NCPDT --define=TARGET_IS_TM4C129_RA0 --define=SNOWFLAKE --define=UART_BUFFERED --diag_warning=225 --diag_wrap=off --display_error_number --gen_func_subsections=on --ual --preproc_with_compile --preproc_dependency="utils/ustdlib.d_raw" --obj_directory="utils"  "C:/ti/tivaware_c_series_2_1_4_178/utils/ustdlib.c"
"C:/ti/tivaware_c_series_2_1_4_178/utils/ustdlib.c", line 193: remark #1527-D: (ULP 2.1) Detected SW delay loop using empty loop. Recommend using a timer module instead
"C:/ti/tivaware_c_series_2_1_4_178/utils/ustdlib.c", line 383: remark #1527-D: (ULP 2.1) Detected SW delay loop using empty loop. Recommend using a timer module instead
"C:/ti/tivaware_c_series_2_1_4_178/utils/ustdlib.c", line 505: remark #1527-D: (ULP 2.1) Detected SW delay loop using empty loop. Recommend using a timer module instead
"C:/ti/tivaware_c_series_2_1_4_178/utils/ustdlib.c", line 1625: remark #2623-D: (ULP 5.4) Detected an assignment to a type with size less than int. To avoid unnecessary sign extension, use int-sized types for local varaibles and convert to smaller types for static storage.
"C:/ti/tivaware_c_series_2_1_4_178/utils/ustdlib.c", line 1626: remark #2623-D: (ULP 5.4) Detected an assignment to a type with size less than int. To avoid unnecessary sign extension, use int-sized types for local varaibles and convert to smaller types for static storage.
"C:/ti/tivaware_c_series_2_1_4_178/utils/ustdlib.c", line 42: remark #1534-D: (ULP 7.1) Detected use of global variable "g_pcHex" within one function "uvsnprintf". Recommend placing variable in the function locally
Finished building: "C:/ti/tivaware_c_series_2_1_4_178/utils/ustdlib.c"
 
gmake: Target 'all' not remade because of errors.

**** Build Finished ****

**** Clean-only build of configuration Debug for project grlib_demo ****

"C:\\ti\\ccs901\\ccs\\utils\\bin\\gmake" -k clean 
 
gmake: *** No rule to make target 'clean'.

**** Build Finished ****

**** Build of configuration Debug for project grlib_demo ****

"C:\\ti\\ccs901\\ccs\\utils\\bin\\gmake" -k all 
 
Building file: "../grlib_demo.c"
Invoking: ARM Compiler
"C:/ti/ccs901/ccs/tools/compiler/ti-cgt-arm_18.12.1.LTS/bin/armcl" -mv7M4 --code_state=16 --float_support=FPv4SPD16 --abi=eabi -me -O2 --include_path="C:/ti/ccs901/ccs/tools/compiler/ti-cgt-arm_18.12.1.LTS/include" --include_path="C:/ti/tivaware_c_series_2_1_4_178/examples/boards/ek-tm4c1294xl-boostxl-kentec-s1" --include_path="C:/ti/tivaware_c_series_2_1_4_178" --advice:power=all -g --gcc --define=ccs="ccs" --define=PART_TM4C1294NCPDT --define=TARGET_IS_TM4C129_RA1 --diag_warning=225 --diag_wrap=off --display_error_number --gen_func_subsections=on --ual --preproc_with_compile --preproc_dependency="grlib_demo.d_raw"  "../grlib_demo.c"
Finished building: "../grlib_demo.c"
 
Building file: "../images.c"
Invoking: ARM Compiler
"C:/ti/ccs901/ccs/tools/compiler/ti-cgt-arm_18.12.1.LTS/bin/armcl" -mv7M4 --code_state=16 --float_support=FPv4SPD16 --abi=eabi -me -O2 --include_path="C:/ti/ccs901/ccs/tools/compiler/ti-cgt-arm_18.12.1.LTS/include" --include_path="C:/ti/tivaware_c_series_2_1_4_178/examples/boards/ek-tm4c1294xl-boostxl-kentec-s1" --include_path="C:/ti/tivaware_c_series_2_1_4_178" --advice:power=all -g --gcc --define=ccs="ccs" --define=PART_TM4C1294NCPDT --define=TARGET_IS_TM4C129_RA1 --diag_warning=225 --diag_wrap=off --display_error_number --gen_func_subsections=on --ual --preproc_with_compile --preproc_dependency="images.d_raw"  "../images.c"
Finished building: "../images.c"
 
Building file: "../startup_ccs.c"
Invoking: ARM Compiler
"C:/ti/ccs901/ccs/tools/compiler/ti-cgt-arm_18.12.1.LTS/bin/armcl" -mv7M4 --code_state=16 --float_support=FPv4SPD16 --abi=eabi -me -O2 --include_path="C:/ti/ccs901/ccs/tools/compiler/ti-cgt-arm_18.12.1.LTS/include" --include_path="C:/ti/tivaware_c_series_2_1_4_178/examples/boards/ek-tm4c1294xl-boostxl-kentec-s1" --include_path="C:/ti/tivaware_c_series_2_1_4_178" --advice:power=all -g --gcc --define=ccs="ccs" --define=PART_TM4C1294NCPDT --define=TARGET_IS_TM4C129_RA1 --diag_warning=225 --diag_wrap=off --display_error_number --gen_func_subsections=on --ual --preproc_with_compile --preproc_dependency="startup_ccs.d_raw"  "../startup_ccs.c"
"../startup_ccs.c", line 236: remark #1527-D: (ULP 2.1) Detected SW delay loop using empty loop. Recommend using a timer module instead
"../startup_ccs.c", line 254: remark #1527-D: (ULP 2.1) Detected SW delay loop using empty loop. Recommend using a timer module instead
"../startup_ccs.c", line 272: remark #1527-D: (ULP 2.1) Detected SW delay loop using empty loop. Recommend using a timer module instead
Finished building: "../startup_ccs.c"
 
Building file: "C:/ti/tivaware_c_series_2_1_4_178/examples/boards/ek-tm4c1294xl-boostxl-kentec-s1/drivers/Kentec320x240x16_ssd2119_spi.c"
Invoking: ARM Compiler
"C:/ti/ccs901/ccs/tools/compiler/ti-cgt-arm_18.12.1.LTS/bin/armcl" -mv7M4 --code_state=16 --float_support=FPv4SPD16 --abi=eabi -me -O2 --include_path="C:/ti/ccs901/ccs/tools/compiler/ti-cgt-arm_18.12.1.LTS/include" --include_path="C:/ti/tivaware_c_series_2_1_4_178/examples/boards/ek-tm4c1294xl-boostxl-kentec-s1" --include_path="C:/ti/tivaware_c_series_2_1_4_178" --advice:power=all -g --gcc --define=ccs="ccs" --define=PART_TM4C1294NCPDT --define=TARGET_IS_TM4C129_RA1 --diag_warning=225 --diag_wrap=off --display_error_number --gen_func_subsections=on --ual --preproc_with_compile --preproc_dependency="drivers/Kentec320x240x16_ssd2119_spi.d_raw" --obj_directory="drivers"  "C:/ti/tivaware_c_series_2_1_4_178/examples/boards/ek-tm4c1294xl-boostxl-kentec-s1/drivers/Kentec320x240x16_ssd2119_spi.c"
"C:/ti/tivaware_c_series_2_1_4_178/examples/boards/ek-tm4c1294xl-boostxl-kentec-s1/drivers/Kentec320x240x16_ssd2119_spi.c", line 274: remark #1527-D: (ULP 2.1) Detected SW delay loop using empty loop. Recommend using a timer module instead
"C:/ti/tivaware_c_series_2_1_4_178/examples/boards/ek-tm4c1294xl-boostxl-kentec-s1/drivers/Kentec320x240x16_ssd2119_spi.c", line 308: remark #1527-D: (ULP 2.1) Detected SW delay loop using empty loop. Recommend using a timer module instead
"C:/ti/tivaware_c_series_2_1_4_178/examples/boards/ek-tm4c1294xl-boostxl-kentec-s1/drivers/Kentec320x240x16_ssd2119_spi.c", line 407: remark #1527-D: (ULP 2.1) Detected SW delay loop using empty loop. Recommend using a timer module instead
Finished building: "C:/ti/tivaware_c_series_2_1_4_178/examples/boards/ek-tm4c1294xl-boostxl-kentec-s1/drivers/Kentec320x240x16_ssd2119_spi.c"
 
Building file: "C:/ti/tivaware_c_series_2_1_4_178/examples/boards/ek-tm4c1294xl-boostxl-kentec-s1/drivers/touch.c"
Invoking: ARM Compiler
"C:/ti/ccs901/ccs/tools/compiler/ti-cgt-arm_18.12.1.LTS/bin/armcl" -mv7M4 --code_state=16 --float_support=FPv4SPD16 --abi=eabi -me -O2 --include_path="C:/ti/ccs901/ccs/tools/compiler/ti-cgt-arm_18.12.1.LTS/include" --include_path="C:/ti/tivaware_c_series_2_1_4_178/examples/boards/ek-tm4c1294xl-boostxl-kentec-s1" --include_path="C:/ti/tivaware_c_series_2_1_4_178" --advice:power=all -g --gcc --define=ccs="ccs" --define=PART_TM4C1294NCPDT --define=TARGET_IS_TM4C129_RA1 --diag_warning=225 --diag_wrap=off --display_error_number --gen_func_subsections=on --ual --preproc_with_compile --preproc_dependency="drivers/touch.d_raw" --obj_directory="drivers"  "C:/ti/tivaware_c_series_2_1_4_178/examples/boards/ek-tm4c1294xl-boostxl-kentec-s1/drivers/touch.c"
"C:/ti/tivaware_c_series_2_1_4_178/examples/boards/ek-tm4c1294xl-boostxl-kentec-s1/drivers/touch.c", line 207: remark #1534-D: (ULP 7.1) Detected use of global variable "g_ui8State" within one function "TouchScreenDebouncer". Recommend placing variable in the function locally
"C:/ti/tivaware_c_series_2_1_4_178/examples/boards/ek-tm4c1294xl-boostxl-kentec-s1/drivers/touch.c", line 224: remark #1534-D: (ULP 7.1) Detected use of global variable "g_i8Index" within one function "TouchScreenDebouncer". Recommend placing variable in the function locally
Finished building: "C:/ti/tivaware_c_series_2_1_4_178/examples/boards/ek-tm4c1294xl-boostxl-kentec-s1/drivers/touch.c"
 
Building file: "C:/ti/tivaware_c_series_2_1_4_178/utils/ustdlib.c"
Invoking: ARM Compiler
"C:/ti/ccs901/ccs/tools/compiler/ti-cgt-arm_18.12.1.LTS/bin/armcl" -mv7M4 --code_state=16 --float_support=FPv4SPD16 --abi=eabi -me -O2 --include_path="C:/ti/ccs901/ccs/tools/compiler/ti-cgt-arm_18.12.1.LTS/include" --include_path="C:/ti/tivaware_c_series_2_1_4_178/examples/boards/ek-tm4c1294xl-boostxl-kentec-s1" --include_path="C:/ti/tivaware_c_series_2_1_4_178" --advice:power=all -g --gcc --define=ccs="ccs" --define=PART_TM4C1294NCPDT --define=TARGET_IS_TM4C129_RA1 --diag_warning=225 --diag_wrap=off --display_error_number --gen_func_subsections=on --ual --preproc_with_compile --preproc_dependency="utils/ustdlib.d_raw" --obj_directory="utils"  "C:/ti/tivaware_c_series_2_1_4_178/utils/ustdlib.c"
"C:/ti/tivaware_c_series_2_1_4_178/utils/ustdlib.c", line 193: remark #1527-D: (ULP 2.1) Detected SW delay loop using empty loop. Recommend using a timer module instead
"C:/ti/tivaware_c_series_2_1_4_178/utils/ustdlib.c", line 383: remark #1527-D: (ULP 2.1) Detected SW delay loop using empty loop. Recommend using a timer module instead
"C:/ti/tivaware_c_series_2_1_4_178/utils/ustdlib.c", line 505: remark #1527-D: (ULP 2.1) Detected SW delay loop using empty loop. Recommend using a timer module instead
"C:/ti/tivaware_c_series_2_1_4_178/utils/ustdlib.c", line 1625: remark #2623-D: (ULP 5.4) Detected an assignment to a type with size less than int. To avoid unnecessary sign extension, use int-sized types for local varaibles and convert to smaller types for static storage.
"C:/ti/tivaware_c_series_2_1_4_178/utils/ustdlib.c", line 1626: remark #2623-D: (ULP 5.4) Detected an assignment to a type with size less than int. To avoid unnecessary sign extension, use int-sized types for local varaibles and convert to smaller types for static storage.
"C:/ti/tivaware_c_series_2_1_4_178/utils/ustdlib.c", line 42: remark #1534-D: (ULP 7.1) Detected use of global variable "g_pcHex" within one function "uvsnprintf". Recommend placing variable in the function locally
Finished building: "C:/ti/tivaware_c_series_2_1_4_178/utils/ustdlib.c"
 
Building target: "grlib_demo.out"
Invoking: ARM Linker
"C:/ti/ccs901/ccs/tools/compiler/ti-cgt-arm_18.12.1.LTS/bin/armcl" -mv7M4 --code_state=16 --float_support=FPv4SPD16 --abi=eabi -me -O2 --advice:power=all -g --gcc --define=ccs="ccs" --define=PART_TM4C1294NCPDT --define=TARGET_IS_TM4C129_RA1 --diag_warning=225 --diag_wrap=off --display_error_number --gen_func_subsections=on --ual -z -m"grlib_demo_ccs.map" --stack_size=1024 --heap_size=0 -i"C:/ti/ccs901/ccs/tools/compiler/ti-cgt-arm_18.12.1.LTS/lib" -i"C:/ti/ccs901/ccs/tools/compiler/ti-cgt-arm_18.12.1.LTS/include" --reread_libs --diag_wrap=off --display_error_number --warn_sections --xml_link_info="grlib_demo_linkInfo.xml" --rom_model -o "grlib_demo.out" "./grlib_demo.obj" "./images.obj" "./startup_ccs.obj" "./drivers/Kentec320x240x16_ssd2119_spi.obj" "./drivers/touch.obj" "./utils/ustdlib.obj" "../grlib_demo_ccs.cmd"  -llibc.a -l"C:/ti/tivaware_c_series_2_1_4_178/driverlib/ccs/Debug/driverlib.lib" -l"C:/ti/tivaware_c_series_2_1_4_178/grlib/ccs/Debug/grlib.lib" 
<Linking>
remark #10371-D: (ULP 1.1) Detected no uses of low power mode state changing instructions
Finished building target: "grlib_demo.out"
 
"C:/ti/ccs901/ccs/utils/tiobj2bin/tiobj2bin" "grlib_demo.out" "grlib_demo.bin" "C:/ti/ccs901/ccs/tools/compiler/ti-cgt-arm_18.12.1.LTS/bin/armofd" "C:/ti/ccs901/ccs/tools/compiler/ti-cgt-arm_18.12.1.LTS/bin/armhex" "C:/ti/ccs901/ccs/utils/tiobj2bin/mkhex4bin"
 

**** Build Finished ****

**** Build of configuration Debug for project grlib_demo ****

"C:\\ti\\ccs901\\ccs\\utils\\bin\\gmake" -k all 
 
gmake: Nothing to be done for 'all'.

**** Build Finished ****

**** Build of configuration Debug for project grlib_demo ****

"C:\\ti\\ccs901\\ccs\\utils\\bin\\gmake" -k all 
 
gmake: Nothing to be done for 'all'.

**** Build Finished ****

**** Build of configuration Debug for project grlib_demo ****

"C:\\ti\\ccs901\\ccs\\utils\\bin\\gmake" -k all 
 
Building file: "../grlib_demo.c"
Invoking: ARM Compiler
"C:/ti/ccs901/ccs/tools/compiler/ti-cgt-arm_18.12.1.LTS/bin/armcl" -mv7M4 --code_state=16 --float_support=FPv4SPD16 --abi=eabi -me -O2 --include_path="C:/ti/ccs901/ccs/tools/compiler/ti-cgt-arm_18.12.1.LTS/include" --include_path="C:/ti/tivaware_c_series_2_1_4_178/examples/boards/ek-tm4c1294xl-boostxl-kentec-s1" --include_path="C:/ti/tivaware_c_series_2_1_4_178" --advice:power=all -g --gcc --define=ccs="ccs" --define=PART_TM4C1294NCPDT --define=TARGET_IS_TM4C129_RA1 --diag_warning=225 --diag_wrap=off --display_error_number --gen_func_subsections=on --ual --preproc_with_compile --preproc_dependency="grlib_demo.d_raw"  "../grlib_demo.c"
Finished building: "../grlib_demo.c"
 
Building target: "grlib_demo.out"
Invoking: ARM Linker
"C:/ti/ccs901/ccs/tools/compiler/ti-cgt-arm_18.12.1.LTS/bin/armcl" -mv7M4 --code_state=16 --float_support=FPv4SPD16 --abi=eabi -me -O2 --advice:power=all -g --gcc --define=ccs="ccs" --define=PART_TM4C1294NCPDT --define=TARGET_IS_TM4C129_RA1 --diag_warning=225 --diag_wrap=off --display_error_number --gen_func_subsections=on --ual -z -m"grlib_demo_ccs.map" --stack_size=1024 --heap_size=0 -i"C:/ti/ccs901/ccs/tools/compiler/ti-cgt-arm_18.12.1.LTS/lib" -i"C:/ti/ccs901/ccs/tools/compiler/ti-cgt-arm_18.12.1.LTS/include" --reread_libs --diag_wrap=off --display_error_number --warn_sections --xml_link_info="grlib_demo_linkInfo.xml" --rom_model -o "grlib_demo.out" "./grlib_demo.obj" "./images.obj" "./startup_ccs.obj" "./drivers/Kentec320x240x16_ssd2119_spi.obj" "./drivers/touch.obj" "./utils/ustdlib.obj" "../grlib_demo_ccs.cmd"  -llibc.a -l"C:/ti/tivaware_c_series_2_1_4_178/driverlib/ccs/Debug/driverlib.lib" -l"C:/ti/tivaware_c_series_2_1_4_178/grlib/ccs/Debug/grlib.lib" 
<Linking>
remark #10371-D: (ULP 1.1) Detected no uses of low power mode state changing instructions
Finished building target: "grlib_demo.out"
 
"C:/ti/ccs901/ccs/utils/tiobj2bin/tiobj2bin" "grlib_demo.out" "grlib_demo.bin" "C:/ti/ccs901/ccs/tools/compiler/ti-cgt-arm_18.12.1.LTS/bin/armofd" "C:/ti/ccs901/ccs/tools/compiler/ti-cgt-arm_18.12.1.LTS/bin/armhex" "C:/ti/ccs901/ccs/utils/tiobj2bin/mkhex4bin"
 

**** Build Finished ****

**** Build of configuration Debug for project grlib_demo ****

"C:\\ti\\ccs901\\ccs\\utils\\bin\\gmake" -k all 
 
Building file: "../grlib_demo.c"
Invoking: ARM Compiler
"C:/ti/ccs901/ccs/tools/compiler/ti-cgt-arm_18.12.1.LTS/bin/armcl" -mv7M4 --code_state=16 --float_support=FPv4SPD16 --abi=eabi -me -O2 --include_path="C:/ti/ccs901/ccs/tools/compiler/ti-cgt-arm_18.12.1.LTS/include" --include_path="C:/ti/tivaware_c_series_2_1_4_178/examples/boards/ek-tm4c1294xl-boostxl-kentec-s1" --include_path="C:/ti/tivaware_c_series_2_1_4_178" --advice:power=all -g --gcc --define=ccs="ccs" --define=PART_TM4C1294NCPDT --define=TARGET_IS_TM4C129_RA1 --diag_warning=225 --diag_wrap=off --display_error_number --gen_func_subsections=on --ual --preproc_with_compile --preproc_dependency="grlib_demo.d_raw"  "../grlib_demo.c"
Finished building: "../grlib_demo.c"
 
Building target: "grlib_demo.out"
Invoking: ARM Linker
"C:/ti/ccs901/ccs/tools/compiler/ti-cgt-arm_18.12.1.LTS/bin/armcl" -mv7M4 --code_state=16 --float_support=FPv4SPD16 --abi=eabi -me -O2 --advice:power=all -g --gcc --define=ccs="ccs" --define=PART_TM4C1294NCPDT --define=TARGET_IS_TM4C129_RA1 --diag_warning=225 --diag_wrap=off --display_error_number --gen_func_subsections=on --ual -z -m"grlib_demo_ccs.map" --stack_size=1024 --heap_size=0 -i"C:/ti/ccs901/ccs/tools/compiler/ti-cgt-arm_18.12.1.LTS/lib" -i"C:/ti/ccs901/ccs/tools/compiler/ti-cgt-arm_18.12.1.LTS/include" --reread_libs --diag_wrap=off --display_error_number --warn_sections --xml_link_info="grlib_demo_linkInfo.xml" --rom_model -o "grlib_demo.out" "./grlib_demo.obj" "./images.obj" "./startup_ccs.obj" "./drivers/Kentec320x240x16_ssd2119_spi.obj" "./drivers/touch.obj" "./utils/ustdlib.obj" "../grlib_demo_ccs.cmd"  -llibc.a -l"C:/ti/tivaware_c_series_2_1_4_178/driverlib/ccs/Debug/driverlib.lib" -l"C:/ti/tivaware_c_series_2_1_4_178/grlib/ccs/Debug/grlib.lib" 
<Linking>
remark #10371-D: (ULP 1.1) Detected no uses of low power mode state changing instructions
Finished building target: "grlib_demo.out"
 
"C:/ti/ccs901/ccs/utils/tiobj2bin/tiobj2bin" "grlib_demo.out" "grlib_demo.bin" "C:/ti/ccs901/ccs/tools/compiler/ti-cgt-arm_18.12.1.LTS/bin/armofd" "C:/ti/ccs901/ccs/tools/compiler/ti-cgt-arm_18.12.1.LTS/bin/armhex" "C:/ti/ccs901/ccs/utils/tiobj2bin/mkhex4bin"
 

**** Build Finished ****

**** Build of configuration Debug for project grlib_demo ****

"C:\\ti\\ccs901\\ccs\\utils\\bin\\gmake" -k all 
 
gmake: Nothing to be done for 'all'.

**** Build Finished ****

**** Build of configuration Debug for project grlib_demo ****

"C:\\ti\\ccs901\\ccs\\utils\\bin\\gmake" -k all 
 
gmake: Nothing to be done for 'all'.

**** Build Finished ****

**** Build of configuration Debug for project grlib_demo ****

"C:\\ti\\ccs901\\ccs\\utils\\bin\\gmake" -k all 
 
Building file: "../grlib_demo.c"
Invoking: ARM Compiler
"C:/ti/ccs901/ccs/tools/compiler/ti-cgt-arm_18.12.1.LTS/bin/armcl" -mv7M4 --code_state=16 --float_support=FPv4SPD16 --abi=eabi -me -O2 --include_path="C:/ti/ccs901/ccs/tools/compiler/ti-cgt-arm_18.12.1.LTS/include" --include_path="C:/ti/tivaware_c_series_2_1_4_178/examples/boards/ek-tm4c1294xl-boostxl-kentec-s1" --include_path="C:/ti/tivaware_c_series_2_1_4_178" --advice:power=all -g --gcc --define=ccs="ccs" --define=PART_TM4C1294NCPDT --define=TARGET_IS_TM4C129_RA1 --diag_warning=225 --diag_wrap=off --display_error_number --gen_func_subsections=on --ual --preproc_with_compile --preproc_dependency="grlib_demo.d_raw"  "../grlib_demo.c"
Finished building: "../grlib_demo.c"
 
Building target: "grlib_demo.out"
Invoking: ARM Linker
"C:/ti/ccs901/ccs/tools/compiler/ti-cgt-arm_18.12.1.LTS/bin/armcl" -mv7M4 --code_state=16 --float_support=FPv4SPD16 --abi=eabi -me -O2 --advice:power=all -g --gcc --define=ccs="ccs" --define=PART_TM4C1294NCPDT --define=TARGET_IS_TM4C129_RA1 --diag_warning=225 --diag_wrap=off --display_error_number --gen_func_subsections=on --ual -z -m"grlib_demo_ccs.map" --stack_size=1024 --heap_size=0 -i"C:/ti/ccs901/ccs/tools/compiler/ti-cgt-arm_18.12.1.LTS/lib" -i"C:/ti/ccs901/ccs/tools/compiler/ti-cgt-arm_18.12.1.LTS/include" --reread_libs --diag_wrap=off --display_error_number --warn_sections --xml_link_info="grlib_demo_linkInfo.xml" --rom_model -o "grlib_demo.out" "./grlib_demo.obj" "./images.obj" "./startup_ccs.obj" "./drivers/Kentec320x240x16_ssd2119_spi.obj" "./drivers/touch.obj" "./utils/ustdlib.obj" "../grlib_demo_ccs.cmd"  -llibc.a -l"C:/ti/tivaware_c_series_2_1_4_178/driverlib/ccs/Debug/driverlib.lib" -l"C:/ti/tivaware_c_series_2_1_4_178/grlib/ccs/Debug/grlib.lib" 
<Linking>
remark #10371-D: (ULP 1.1) Detected no uses of low power mode state changing instructions
Finished building target: "grlib_demo.out"
 
"C:/ti/ccs901/ccs/utils/tiobj2bin/tiobj2bin" "grlib_demo.out" "grlib_demo.bin" "C:/ti/ccs901/ccs/tools/compiler/ti-cgt-arm_18.12.1.LTS/bin/armofd" "C:/ti/ccs901/ccs/tools/compiler/ti-cgt-arm_18.12.1.LTS/bin/armhex" "C:/ti/ccs901/ccs/utils/tiobj2bin/mkhex4bin"
 

**** Build Finished ****

**** Build of configuration Debug for project grlib_demo ****

"C:\\ti\\ccs901\\ccs\\utils\\bin\\gmake" -k all 
 
gmake: Nothing to be done for 'all'.

**** Build Finished ****

**** Build of configuration Debug for project grlib_demo ****

"C:\\ti\\ccs901\\ccs\\utils\\bin\\gmake" -k all 
 
gmake: Nothing to be done for 'all'.

**** Build Finished ****

**** Build of configuration Debug for project grlib_demo ****

"C:\\ti\\ccs901\\ccs\\utils\\bin\\gmake" -k all 
 
gmake: Nothing to be done for 'all'.

**** Build Finished ****
