
**** Build of configuration Debug for project hibernate ****

"C:\\ti\\ccs901\\ccs\\utils\\bin\\gmake" -k all 
 
Building file: "../hibernate.c"
Invoking: ARM Compiler
"C:/ti/ccs901/ccs/tools/compiler/ti-cgt-arm_18.12.1.LTS/bin/armcl" -mv7M4 --code_state=16 --float_support=FPv4SPD16 --abi=eabi -me -O2 --include_path="C:/ti/ccs901/ccs/tools/compiler/ti-cgt-arm_18.12.1.LTS/include" --include_path="D:/ccs_workspace/hibernate" --include_path="C:/ti/tivaware_c_series_2_1_4_178/examples/boards/ek-tm4c1294xl" --include_path="C:/ti/tivaware_c_series_2_1_4_178" --advice:power=all -g --gcc --define=ccs="ccs" --define=PART_TM4C1294NCPDT --define=TARGET_IS_TM4C129_RA0 --define=SNOWFLAKE --define=UART_BUFFERED --diag_warning=225 --diag_wrap=off --display_error_number --gen_func_subsections=on --ual --preproc_with_compile --preproc_dependency="hibernate.d_raw"  "../hibernate.c"
 
>> Compilation failure
subdir_rules.mk:9: recipe for target 'hibernate.obj' failed
"../hibernate.c", line 559: remark #1527-D: (ULP 2.1) Detected SW delay loop using empty loop. Recommend using a timer module instead
"../hibernate.c", line 583: error #20: identifier "USR_SW1" is undefined
1 error detected in the compilation of "../hibernate.c".
gmake: *** [hibernate.obj] Error 1
Building file: "../hibernate_commands.c"
Invoking: ARM Compiler
"C:/ti/ccs901/ccs/tools/compiler/ti-cgt-arm_18.12.1.LTS/bin/armcl" -mv7M4 --code_state=16 --float_support=FPv4SPD16 --abi=eabi -me -O2 --include_path="C:/ti/ccs901/ccs/tools/compiler/ti-cgt-arm_18.12.1.LTS/include" --include_path="D:/ccs_workspace/hibernate" --include_path="C:/ti/tivaware_c_series_2_1_4_178/examples/boards/ek-tm4c1294xl" --include_path="C:/ti/tivaware_c_series_2_1_4_178" --advice:power=all -g --gcc --define=ccs="ccs" --define=PART_TM4C1294NCPDT --define=TARGET_IS_TM4C129_RA0 --define=SNOWFLAKE --define=UART_BUFFERED --diag_warning=225 --diag_wrap=off --display_error_number --gen_func_subsections=on --ual --preproc_with_compile --preproc_dependency="hibernate_commands.d_raw"  "../hibernate_commands.c"
Finished building: "../hibernate_commands.c"
 
Building file: "../startup_ccs.c"
Invoking: ARM Compiler
"C:/ti/ccs901/ccs/tools/compiler/ti-cgt-arm_18.12.1.LTS/bin/armcl" -mv7M4 --code_state=16 --float_support=FPv4SPD16 --abi=eabi -me -O2 --include_path="C:/ti/ccs901/ccs/tools/compiler/ti-cgt-arm_18.12.1.LTS/include" --include_path="D:/ccs_workspace/hibernate" --include_path="C:/ti/tivaware_c_series_2_1_4_178/examples/boards/ek-tm4c1294xl" --include_path="C:/ti/tivaware_c_series_2_1_4_178" --advice:power=all -g --gcc --define=ccs="ccs" --define=PART_TM4C1294NCPDT --define=TARGET_IS_TM4C129_RA0 --define=SNOWFLAKE --define=UART_BUFFERED --diag_warning=225 --diag_wrap=off --display_error_number --gen_func_subsections=on --ual --preproc_with_compile --preproc_dependency="startup_ccs.d_raw"  "../startup_ccs.c"
"../startup_ccs.c", line 237: remark #1527-D: (ULP 2.1) Detected SW delay loop using empty loop. Recommend using a timer module instead
"../startup_ccs.c", line 255: remark #1527-D: (ULP 2.1) Detected SW delay loop using empty loop. Recommend using a timer module instead
"../startup_ccs.c", line 273: remark #1527-D: (ULP 2.1) Detected SW delay loop using empty loop. Recommend using a timer module instead
Finished building: "../startup_ccs.c"
 
Building file: "C:/ti/tivaware_c_series_2_1_4_178/examples/boards/ek-tm4c1294xl/drivers/buttons.c"
Invoking: ARM Compiler
"C:/ti/ccs901/ccs/tools/compiler/ti-cgt-arm_18.12.1.LTS/bin/armcl" -mv7M4 --code_state=16 --float_support=FPv4SPD16 --abi=eabi -me -O2 --include_path="C:/ti/ccs901/ccs/tools/compiler/ti-cgt-arm_18.12.1.LTS/include" --include_path="D:/ccs_workspace/hibernate" --include_path="C:/ti/tivaware_c_series_2_1_4_178/examples/boards/ek-tm4c1294xl" --include_path="C:/ti/tivaware_c_series_2_1_4_178" --advice:power=all -g --gcc --define=ccs="ccs" --define=PART_TM4C1294NCPDT --define=TARGET_IS_TM4C129_RA0 --define=SNOWFLAKE --define=UART_BUFFERED --diag_warning=225 --diag_wrap=off --display_error_number --gen_func_subsections=on --ual --preproc_with_compile --preproc_dependency="drivers/buttons.d_raw" --obj_directory="drivers"  "C:/ti/tivaware_c_series_2_1_4_178/examples/boards/ek-tm4c1294xl/drivers/buttons.c"
Finished building: "C:/ti/tivaware_c_series_2_1_4_178/examples/boards/ek-tm4c1294xl/drivers/buttons.c"
 
Building file: "C:/ti/tivaware_c_series_2_1_4_178/examples/boards/ek-tm4c1294xl/drivers/pinout.c"
Invoking: ARM Compiler
"C:/ti/ccs901/ccs/tools/compiler/ti-cgt-arm_18.12.1.LTS/bin/armcl" -mv7M4 --code_state=16 --float_support=FPv4SPD16 --abi=eabi -me -O2 --include_path="C:/ti/ccs901/ccs/tools/compiler/ti-cgt-arm_18.12.1.LTS/include" --include_path="D:/ccs_workspace/hibernate" --include_path="C:/ti/tivaware_c_series_2_1_4_178/examples/boards/ek-tm4c1294xl" --include_path="C:/ti/tivaware_c_series_2_1_4_178" --advice:power=all -g --gcc --define=ccs="ccs" --define=PART_TM4C1294NCPDT --define=TARGET_IS_TM4C129_RA0 --define=SNOWFLAKE --define=UART_BUFFERED --diag_warning=225 --diag_wrap=off --display_error_number --gen_func_subsections=on --ual --preproc_with_compile --preproc_dependency="drivers/pinout.d_raw" --obj_directory="drivers"  "C:/ti/tivaware_c_series_2_1_4_178/examples/boards/ek-tm4c1294xl/drivers/pinout.c"
Finished building: "C:/ti/tivaware_c_series_2_1_4_178/examples/boards/ek-tm4c1294xl/drivers/pinout.c"
 
Building file: "C:/ti/tivaware_c_series_2_1_4_178/utils/cmdline.c"
Invoking: ARM Compiler
"C:/ti/ccs901/ccs/tools/compiler/ti-cgt-arm_18.12.1.LTS/bin/armcl" -mv7M4 --code_state=16 --float_support=FPv4SPD16 --abi=eabi -me -O2 --include_path="C:/ti/ccs901/ccs/tools/compiler/ti-cgt-arm_18.12.1.LTS/include" --include_path="D:/ccs_workspace/hibernate" --include_path="C:/ti/tivaware_c_series_2_1_4_178/examples/boards/ek-tm4c1294xl" --include_path="C:/ti/tivaware_c_series_2_1_4_178" --advice:power=all -g --gcc --define=ccs="ccs" --define=PART_TM4C1294NCPDT --define=TARGET_IS_TM4C129_RA0 --define=SNOWFLAKE --define=UART_BUFFERED --diag_warning=225 --diag_wrap=off --display_error_number --gen_func_subsections=on --ual --preproc_with_compile --preproc_dependency="utils/cmdline.d_raw" --obj_directory="utils"  "C:/ti/tivaware_c_series_2_1_4_178/utils/cmdline.c"
Finished building: "C:/ti/tivaware_c_series_2_1_4_178/utils/cmdline.c"
 
Building file: "C:/ti/tivaware_c_series_2_1_4_178/utils/uartstdio.c"
Invoking: ARM Compiler
"C:/ti/ccs901/ccs/tools/compiler/ti-cgt-arm_18.12.1.LTS/bin/armcl" -mv7M4 --code_state=16 --float_support=FPv4SPD16 --abi=eabi -me -O2 --include_path="C:/ti/ccs901/ccs/tools/compiler/ti-cgt-arm_18.12.1.LTS/include" --include_path="D:/ccs_workspace/hibernate" --include_path="C:/ti/tivaware_c_series_2_1_4_178/examples/boards/ek-tm4c1294xl" --include_path="C:/ti/tivaware_c_series_2_1_4_178" --advice:power=all -g --gcc --define=ccs="ccs" --define=PART_TM4C1294NCPDT --define=TARGET_IS_TM4C129_RA0 --define=SNOWFLAKE --define=UART_BUFFERED --diag_warning=225 --diag_wrap=off --display_error_number --gen_func_subsections=on --ual --preproc_with_compile --preproc_dependency="utils/uartstdio.d_raw" --obj_directory="utils"  "C:/ti/tivaware_c_series_2_1_4_178/utils/uartstdio.c"
"C:/ti/tivaware_c_series_2_1_4_178/utils/uartstdio.c", line 794: remark #1527-D: (ULP 2.1) Detected SW delay loop using empty loop. Recommend using a timer module instead
"C:/ti/tivaware_c_series_2_1_4_178/utils/uartstdio.c", line 878: remark #1527-D: (ULP 2.1) Detected SW delay loop using empty loop. Recommend using a timer module instead
"C:/ti/tivaware_c_series_2_1_4_178/utils/uartstdio.c", line 1044: remark #1527-D: (ULP 2.1) Detected SW delay loop using empty loop. Recommend using a timer module instead
"C:/ti/tivaware_c_series_2_1_4_178/utils/uartstdio.c", line 1139: remark #1527-D: (ULP 2.1) Detected SW delay loop using empty loop. Recommend using a timer module instead
"C:/ti/tivaware_c_series_2_1_4_178/utils/uartstdio.c", line 1501: remark #1527-D: (ULP 2.1) Detected SW delay loop using empty loop. Recommend using a timer module instead
"C:/ti/tivaware_c_series_2_1_4_178/utils/uartstdio.c", line 1700: remark #2623-D: (ULP 5.4) Detected an assignment to a type with size less than int. To avoid unnecessary sign extension, use int-sized types for local varaibles and convert to smaller types for static storage.
"C:/ti/tivaware_c_series_2_1_4_178/utils/uartstdio.c", line 134: remark #1534-D: (ULP 7.1) Detected use of global variable "g_pcHex" within one function "UARTvprintf". Recommend placing variable in the function locally
Finished building: "C:/ti/tivaware_c_series_2_1_4_178/utils/uartstdio.c"
 
Building file: "C:/ti/tivaware_c_series_2_1_4_178/utils/ustdlib.c"
Invoking: ARM Compiler
"C:/ti/ccs901/ccs/tools/compiler/ti-cgt-arm_18.12.1.LTS/bin/armcl" -mv7M4 --code_state=16 --float_support=FPv4SPD16 --abi=eabi -me -O2 --include_path="C:/ti/ccs901/ccs/tools/compiler/ti-cgt-arm_18.12.1.LTS/include" --include_path="D:/ccs_workspace/hibernate" --include_path="C:/ti/tivaware_c_series_2_1_4_178/examples/boards/ek-tm4c1294xl" --include_path="C:/ti/tivaware_c_series_2_1_4_178" --advice:power=all -g --gcc --define=ccs="ccs" --define=PART_TM4C1294NCPDT --define=TARGET_IS_TM4C129_RA0 --define=SNOWFLAKE --define=UART_BUFFERED --diag_warning=225 --diag_wrap=off --display_error_number --gen_func_subsections=on --ual --preproc_with_compile --preproc_dependency="utils/ustdlib.d_raw" --obj_directory="utils"  "C:/ti/tivaware_c_series_2_1_4_178/utils/ustdlib.c"
"C:/ti/tivaware_c_series_2_1_4_178/utils/ustdlib.c", line 193: remark #1527-D: (ULP 2.1) Detected SW delay loop using empty loop. Recommend using a timer module instead
"C:/ti/tivaware_c_series_2_1_4_178/utils/ustdlib.c", line 383: remark #1527-D: (ULP 2.1) Detected SW delay loop using empty loop. Recommend using a timer module instead
"C:/ti/tivaware_c_series_2_1_4_178/utils/ustdlib.c", line 505: remark #1527-D: (ULP 2.1) Detected SW delay loop using empty loop. Recommend using a timer module instead
"C:/ti/tivaware_c_series_2_1_4_178/utils/ustdlib.c", line 1625: remark #2623-D: (ULP 5.4) Detected an assignment to a type with size less than int. To avoid unnecessary sign extension, use int-sized types for local varaibles and convert to smaller types for static storage.
"C:/ti/tivaware_c_series_2_1_4_178/utils/ustdlib.c", line 1626: remark #2623-D: (ULP 5.4) Detected an assignment to a type with size less than int. To avoid unnecessary sign extension, use int-sized types for local varaibles and convert to smaller types for static storage.
"C:/ti/tivaware_c_series_2_1_4_178/utils/ustdlib.c", line 42: remark #1534-D: (ULP 7.1) Detected use of global variable "g_pcHex" within one function "uvsnprintf". Recommend placing variable in the function locally
Finished building: "C:/ti/tivaware_c_series_2_1_4_178/utils/ustdlib.c"
 
gmake: Target 'all' not remade because of errors.

**** Build Finished ****
